2020-07-08 10:43:58,968 - Returning results
2020-07-08 10:44:41,818 - Returning results
2020-07-08 10:44:42,198 - Returning results
2020-07-08 10:44:42,284 - Returning results
2020-07-08 10:44:42,343 - Returning results
2020-07-08 13:27:45,059 - Returning results
2020-07-08 13:27:45,429 - Returning results
2020-07-08 13:28:38,367 - Returning results
2020-07-08 13:28:38,735 - Returning results
2020-07-08 13:28:38,824 - Returning results
2020-07-08 13:28:38,880 - Returning results
2020-07-08 16:59:15,412 - Returning results
2020-07-08 16:59:15,775 - Returning results
2020-07-08 16:59:15,868 - Returning results
2020-07-08 16:59:15,935 - Returning results
2020-07-08 17:08:40,209 - Returning results
2020-07-08 17:08:40,571 - Returning results
2020-07-08 17:08:40,652 - Returning results
2020-07-08 17:08:40,708 - Returning results
2020-07-13 11:09:07,564 - Returning results
2020-07-13 11:09:08,096 - Returning results
2020-07-13 11:09:09,146 - Returning results
2020-07-13 11:09:10,037 - Returning results
2020-07-13 11:09:11,195 - Returning results
2020-07-13 11:09:12,076 - Returning results
2020-07-13 11:09:13,600 - Returning results
2020-07-13 11:09:14,896 - Returning results
2020-07-13 11:09:14,943 - Error in get_examples
Traceback (most recent call last):
  File "C:\Users\Manish.Kumar4\Downloads\WK\Clients\Prospecting Tool\code\final_script_risk_management.py", line 163, in create_sum_by_sf
    df_sumbysf=df_sumbysf.append({'Prospect Name': df['PROSPECT_NAME'].unique()[0]} ,ignore_index=True)
IndexError: index 0 is out of bounds for axis 0 with size 0
2020-07-13 11:13:06,419 - Returning results
2020-07-13 11:13:06,967 - Returning results
2020-07-13 11:13:42,014 - Returning results
2020-07-13 11:13:42,584 - Returning results
2020-07-13 11:13:43,848 - Returning results
2020-07-13 11:13:44,900 - Returning results
2020-07-13 11:13:46,003 - Returning results
2020-07-13 11:13:46,989 - Returning results
2020-07-13 11:13:48,742 - Returning results
2020-07-13 11:13:50,214 - Returning results
2020-07-13 11:13:50,277 - Error in get_examples
Traceback (most recent call last):
  File "C:\Users\Manish.Kumar4\Downloads\WK\Clients\Prospecting Tool\code\final_script_risk_management.py", line 163, in create_sum_by_sf
    df_sumbysf=df_sumbysf.append({'Prospect Name': df['PROSPECT_NAME'].unique()[0]} ,ignore_index=True)
IndexError: index 0 is out of bounds for axis 0 with size 0
2020-07-13 11:14:58,722 - Returning results
2020-07-13 11:14:59,298 - Returning results
2020-07-13 11:15:00,440 - Returning results
2020-07-13 11:15:01,342 - Returning results
2020-07-13 11:15:02,426 - Returning results
2020-07-13 11:15:03,456 - Returning results
2020-07-13 11:15:17,942 - Returning results
2020-07-13 11:15:18,583 - Returning results
2020-07-13 11:18:43,408 - Returning results
2020-07-13 11:18:44,180 - Returning results
2020-07-13 11:18:45,491 - Returning results
2020-07-13 11:18:46,397 - Returning results
2020-07-13 11:18:47,509 - Returning results
2020-07-13 11:18:48,390 - Returning results
2020-07-13 11:18:50,033 - Returning results
2020-07-13 11:18:51,439 - Returning results
2020-07-13 11:18:51,502 - Returning results
2020-07-13 11:18:51,549 - Returning results
2020-07-13 11:18:52,111 - Returning results
2020-07-13 11:18:52,735 - Returning results
2020-07-13 11:18:53,297 - Returning results
2020-07-13 11:18:53,734 - Returning results
2020-07-13 11:18:55,234 - Returning results
2020-07-13 11:18:56,390 - Returning results
2020-07-13 11:18:58,393 - Returning results
2020-07-13 11:18:59,970 - Returning results
2020-07-13 11:19:00,502 - Returning results
2020-07-13 11:19:00,908 - Returning results
2020-07-13 11:19:02,298 - Returning results
2020-07-13 11:19:03,590 - Returning results
2020-07-13 11:19:04,168 - Returning results
2020-07-13 11:19:04,715 - Returning results
2020-07-13 11:19:04,918 - Returning results
2020-07-13 11:19:05,090 - Returning results
2020-07-13 11:19:05,574 - Returning results
2020-07-13 11:19:05,965 - Returning results
2020-07-13 11:19:06,027 - Returning results
2020-07-13 11:19:06,090 - Returning results
2020-07-13 11:19:06,839 - Returning results
2020-07-13 11:19:07,574 - Returning results
2020-07-13 11:19:07,824 - Returning results
2020-07-13 11:19:08,011 - Returning results
2020-07-13 11:19:08,183 - Returning results
2020-07-13 11:19:08,323 - Returning results
2020-07-13 11:19:08,698 - Returning results
2020-07-13 11:19:09,011 - Returning results
2020-07-13 11:19:09,089 - Returning results
2020-07-13 11:19:09,151 - Returning results
2020-07-13 11:19:39,587 - Returning results
2020-07-13 11:20:03,919 - Returning results
2020-07-20 12:14:49,313 - Returning results
2020-07-20 12:14:49,407 - Returning results
2020-07-20 12:14:49,782 - Returning results
2020-07-20 12:14:50,121 - Returning results
2020-07-20 12:14:50,615 - Returning results
2020-07-20 12:14:50,943 - Returning results
2020-07-20 12:14:53,311 - Returning results
2020-07-20 12:14:55,230 - Returning results
2020-07-20 12:14:57,339 - Returning results
2020-07-20 12:14:59,164 - Returning results
2020-07-20 12:15:00,269 - Returning results
2020-07-20 12:15:01,117 - Returning results
2020-07-20 12:15:01,195 - Returning results
2020-07-20 12:15:01,227 - Returning results
2020-07-20 12:15:01,460 - Returning results
2020-07-20 12:15:01,648 - Returning results
2020-07-20 12:15:01,727 - Returning results
2020-07-20 12:15:01,773 - Returning results
2020-07-20 12:15:01,852 - Returning results
2020-07-20 12:15:01,930 - Returning results
2020-07-20 12:15:02,263 - Returning results
2020-07-20 12:15:02,581 - Returning results
2020-07-20 12:15:03,232 - Returning results
2020-07-20 12:15:03,801 - Returning results
2020-07-20 12:15:07,281 - Returning results
2020-07-20 12:15:10,059 - Returning results
2020-07-20 12:15:11,765 - Returning results
2020-07-20 12:15:13,258 - Returning results
2020-07-20 12:15:13,373 - Returning results
2020-07-20 12:15:13,424 - Returning results
2020-07-20 12:15:14,459 - Returning results
2020-07-20 12:15:15,404 - Returning results
2020-07-20 12:15:15,504 - Returning results
2020-07-20 12:15:15,556 - Returning results
2020-07-20 12:15:15,681 - Returning results
2020-07-20 12:15:15,775 - Returning results
2020-07-20 12:15:15,984 - Returning results
2020-07-20 12:15:16,135 - Returning results
2020-07-20 12:15:16,182 - Returning results
2020-07-20 12:15:16,213 - Returning results
